<?xml version="1.0" encoding="UTF-8"?>
<testng-results skipped="0" failed="0" ignored="0" total="4" passed="4">
  <reporter-output>
  </reporter-output>
  <suite name="Suite" duration-ms="13211" started-at="2018-07-18T03:26:48Z" finished-at="2018-07-18T03:27:01Z">
    <groups>
    </groups>
    <test name="test1" duration-ms="6813" started-at="2018-07-18T03:26:48Z" finished-at="2018-07-18T03:26:54Z">
      <class name="com.test.cases.testBaidu2">
        <test-method status="PASS" signature="setUp()[pri:0, instance:com.test.cases.testBaidu2@11438d26]" name="setUp" is-config="true" duration-ms="2685" started-at="2018-07-18T03:26:48Z" finished-at="2018-07-18T03:26:50Z">
          <reporter-output>
          </reporter-output>
        </test-method> <!-- setUp -->
        <test-method status="PASS" signature="testCase(java.lang.String)[pri:0, instance:com.test.cases.testBaidu2@11438d26]" name="testCase" duration-ms="3241" started-at="2018-07-18T03:26:50Z" finished-at="2018-07-18T03:26:53Z">
          <params>
            <param index="0">
              <value>
                <![CDATA[英雄]]>
              </value>
            </param>
          </params>
          <reporter-output>
          </reporter-output>
        </test-method> <!-- testCase -->
        <test-method status="PASS" signature="tearDown()[pri:0, instance:com.test.cases.testBaidu2@11438d26]" name="tearDown" is-config="true" duration-ms="858" started-at="2018-07-18T03:26:53Z" finished-at="2018-07-18T03:26:54Z">
          <reporter-output>
          </reporter-output>
        </test-method> <!-- tearDown -->
      </class> <!-- com.test.cases.testBaidu2 -->
      <class name="com.test.cases.LoginTest2">
        <test-method status="PASS" signature="setUp()[pri:0, instance:com.test.cases.LoginTest2@458c1321]" name="setUp" is-config="true" duration-ms="0" started-at="2018-07-18T03:26:48Z" finished-at="2018-07-18T03:26:48Z">
          <reporter-output>
          </reporter-output>
        </test-method> <!-- setUp -->
        <test-method status="PASS" signature="testCase1()[pri:0, instance:com.test.cases.LoginTest2@458c1321]" name="testCase1" duration-ms="1" started-at="2018-07-18T03:26:48Z" finished-at="2018-07-18T03:26:48Z">
          <reporter-output>
          </reporter-output>
        </test-method> <!-- testCase1 -->
        <test-method status="PASS" signature="tearDown()[pri:0, instance:com.test.cases.LoginTest2@458c1321]" name="tearDown" is-config="true" duration-ms="1" started-at="2018-07-18T03:26:48Z" finished-at="2018-07-18T03:26:48Z">
          <reporter-output>
          </reporter-output>
        </test-method> <!-- tearDown -->
      </class> <!-- com.test.cases.LoginTest2 -->
      <class name="com.test.cases.LoginTest1">
        <test-method status="PASS" signature="setUp()[pri:0, instance:com.test.cases.LoginTest1@305fd85d]" name="setUp" is-config="true" duration-ms="3" started-at="2018-07-18T03:26:48Z" finished-at="2018-07-18T03:26:48Z">
          <reporter-output>
          </reporter-output>
        </test-method> <!-- setUp -->
        <test-method status="PASS" signature="testCase1()[pri:0, instance:com.test.cases.LoginTest1@305fd85d]" name="testCase1" duration-ms="4" started-at="2018-07-18T03:26:48Z" finished-at="2018-07-18T03:26:48Z">
          <reporter-output>
          </reporter-output>
        </test-method> <!-- testCase1 -->
        <test-method status="PASS" signature="tearDown()[pri:0, instance:com.test.cases.LoginTest1@305fd85d]" name="tearDown" is-config="true" duration-ms="0" started-at="2018-07-18T03:26:48Z" finished-at="2018-07-18T03:26:48Z">
          <reporter-output>
          </reporter-output>
        </test-method> <!-- tearDown -->
      </class> <!-- com.test.cases.LoginTest1 -->
    </test> <!-- test1 -->
    <test name="Test2" duration-ms="6360" started-at="2018-07-18T03:26:54Z" finished-at="2018-07-18T03:27:01Z">
      <class name="com.test.cases.testBaidu2">
        <test-method status="PASS" signature="setUp()[pri:0, instance:com.test.cases.testBaidu2@42f93a98]" name="setUp" is-config="true" duration-ms="2199" started-at="2018-07-18T03:26:54Z" finished-at="2018-07-18T03:26:57Z">
          <reporter-output>
          </reporter-output>
        </test-method> <!-- setUp -->
        <test-method status="PASS" signature="testCase(java.lang.String)[pri:0, instance:com.test.cases.testBaidu2@42f93a98]" name="testCase" duration-ms="3409" started-at="2018-07-18T03:26:57Z" finished-at="2018-07-18T03:27:00Z">
          <params>
            <param index="0">
              <value>
                <![CDATA[英雄]]>
              </value>
            </param>
          </params>
          <reporter-output>
          </reporter-output>
        </test-method> <!-- testCase -->
        <test-method status="PASS" signature="tearDown()[pri:0, instance:com.test.cases.testBaidu2@42f93a98]" name="tearDown" is-config="true" duration-ms="748" started-at="2018-07-18T03:27:00Z" finished-at="2018-07-18T03:27:01Z">
          <reporter-output>
          </reporter-output>
        </test-method> <!-- tearDown -->
      </class> <!-- com.test.cases.testBaidu2 -->
    </test> <!-- Test2 -->
  </suite> <!-- Suite -->
</testng-results>
