<?xml version="1.0" encoding="UTF-8"?>
<!-- Generated by org.testng.reporters.JUnitXMLReporter -->
<testsuite hostname="T-M7058QKA" ignored="0" name="test1" tests="3" failures="0" timestamp="18 七月 2018 03:26:54 GMT" time="6.813" errors="0">
  <testcase name="testCase1" time="0.004" classname="com.test.cases.LoginTest1"/>
  <testcase name="testCase1" time="0.001" classname="com.test.cases.LoginTest2"/>
  <testcase name="testCase" time="3.241" classname="com.test.cases.testBaidu2"/>
</testsuite> <!-- test1 -->
